[1.005s] Invoking command in '/home/ubuntu/Internship/ros2_ws/src/lidar_seg': PYTHONPATH=/home/ubuntu/Internship/ros2_ws/build/lidar_seg/prefix_override:/usr/lib/python3/dist-packages/colcon_core/task/python/colcon_distutils_commands:/home/ubuntu/Internship/ros2_ws/install/lidar_seg/lib/python3.10/site-packages:${PYTHONPATH} /usr/bin/python3 -W ignore:setup.py install is deprecated setup.py egg_info --egg-base ../../build/lidar_seg build --build-base /home/ubuntu/Internship/ros2_ws/build/lidar_seg/build install --record /home/ubuntu/Internship/ros2_ws/build/lidar_seg/install.log --single-version-externally-managed install_data
[1.364s] running egg_info
[1.365s] writing ../../build/lidar_seg/lidar_seg.egg-info/PKG-INFO
[1.366s] writing dependency_links to ../../build/lidar_seg/lidar_seg.egg-info/dependency_links.txt
[1.366s] writing entry points to ../../build/lidar_seg/lidar_seg.egg-info/entry_points.txt
[1.366s] writing requirements to ../../build/lidar_seg/lidar_seg.egg-info/requires.txt
[1.366s] writing top-level names to ../../build/lidar_seg/lidar_seg.egg-info/top_level.txt
[1.369s] reading manifest file '../../build/lidar_seg/lidar_seg.egg-info/SOURCES.txt'
[1.370s] adding license file 'LICENSE'
[1.371s] writing manifest file '../../build/lidar_seg/lidar_seg.egg-info/SOURCES.txt'
[1.371s] running build
[1.371s] running build_py
[1.372s] copying lidar_seg/listener_test.py -> /home/ubuntu/Internship/ros2_ws/build/lidar_seg/build/lib/lidar_seg
[1.372s] running install
[1.373s] running install_lib
[1.374s] copying /home/ubuntu/Internship/ros2_ws/build/lidar_seg/build/lib/lidar_seg/listener_test.py -> /home/ubuntu/Internship/ros2_ws/install/lidar_seg/lib/python3.10/site-packages/lidar_seg
[1.376s] byte-compiling /home/ubuntu/Internship/ros2_ws/install/lidar_seg/lib/python3.10/site-packages/lidar_seg/listener_test.py to listener_test.cpython-310.pyc
[1.378s] running install_data
[1.378s] running install_egg_info
[1.381s] removing '/home/ubuntu/Internship/ros2_ws/install/lidar_seg/lib/python3.10/site-packages/lidar_seg-0.0.0-py3.10.egg-info' (and everything under it)
[1.381s] Copying ../../build/lidar_seg/lidar_seg.egg-info to /home/ubuntu/Internship/ros2_ws/install/lidar_seg/lib/python3.10/site-packages/lidar_seg-0.0.0-py3.10.egg-info
[1.383s] running install_scripts
[1.410s] Installing listener_test script to /home/ubuntu/Internship/ros2_ws/install/lidar_seg/lib/lidar_seg
[1.410s] Installing preproc script to /home/ubuntu/Internship/ros2_ws/install/lidar_seg/lib/lidar_seg
[1.411s] writing list of installed files to '/home/ubuntu/Internship/ros2_ws/build/lidar_seg/install.log'
[1.442s] Invoked command in '/home/ubuntu/Internship/ros2_ws/src/lidar_seg' returned '0': PYTHONPATH=/home/ubuntu/Internship/ros2_ws/build/lidar_seg/prefix_override:/usr/lib/python3/dist-packages/colcon_core/task/python/colcon_distutils_commands:/home/ubuntu/Internship/ros2_ws/install/lidar_seg/lib/python3.10/site-packages:${PYTHONPATH} /usr/bin/python3 -W ignore:setup.py install is deprecated setup.py egg_info --egg-base ../../build/lidar_seg build --build-base /home/ubuntu/Internship/ros2_ws/build/lidar_seg/build install --record /home/ubuntu/Internship/ros2_ws/build/lidar_seg/install.log --single-version-externally-managed install_data
