running egg_info
creating ../../build/lidar_seg/lidar_seg.egg-info
writing ../../build/lidar_seg/lidar_seg.egg-info/PKG-INFO
writing dependency_links to ../../build/lidar_seg/lidar_seg.egg-info/dependency_links.txt
writing entry points to ../../build/lidar_seg/lidar_seg.egg-info/entry_points.txt
writing requirements to ../../build/lidar_seg/lidar_seg.egg-info/requires.txt
writing top-level names to ../../build/lidar_seg/lidar_seg.egg-info/top_level.txt
writing manifest file '../../build/lidar_seg/lidar_seg.egg-info/SOURCES.txt'
reading manifest file '../../build/lidar_seg/lidar_seg.egg-info/SOURCES.txt'
adding license file 'LICENSE'
writing manifest file '../../build/lidar_seg/lidar_seg.egg-info/SOURCES.txt'
running build
running build_py
creating /home/ubuntu/Internship/ros2_ws/build/lidar_seg/build
creating /home/ubuntu/Internship/ros2_ws/build/lidar_seg/build/lib
creating /home/ubuntu/Internship/ros2_ws/build/lidar_seg/build/lib/lidar_seg
copying lidar_seg/preproc.py -> /home/ubuntu/Internship/ros2_ws/build/lidar_seg/build/lib/lidar_seg
copying lidar_seg/__init__.py -> /home/ubuntu/Internship/ros2_ws/build/lidar_seg/build/lib/lidar_seg
running install
running install_lib
creating /home/ubuntu/Internship/ros2_ws/install/lidar_seg/lib/python3.10/site-packages/lidar_seg
copying /home/ubuntu/Internship/ros2_ws/build/lidar_seg/build/lib/lidar_seg/preproc.py -> /home/ubuntu/Internship/ros2_ws/install/lidar_seg/lib/python3.10/site-packages/lidar_seg
copying /home/ubuntu/Internship/ros2_ws/build/lidar_seg/build/lib/lidar_seg/__init__.py -> /home/ubuntu/Internship/ros2_ws/install/lidar_seg/lib/python3.10/site-packages/lidar_seg
byte-compiling /home/ubuntu/Internship/ros2_ws/install/lidar_seg/lib/python3.10/site-packages/lidar_seg/preproc.py to preproc.cpython-310.pyc
byte-compiling /home/ubuntu/Internship/ros2_ws/install/lidar_seg/lib/python3.10/site-packages/lidar_seg/__init__.py to __init__.cpython-310.pyc
running install_data
creating /home/ubuntu/Internship/ros2_ws/install/lidar_seg/share/ament_index
creating /home/ubuntu/Internship/ros2_ws/install/lidar_seg/share/ament_index/resource_index
creating /home/ubuntu/Internship/ros2_ws/install/lidar_seg/share/ament_index/resource_index/packages
copying resource/lidar_seg -> /home/ubuntu/Internship/ros2_ws/install/lidar_seg/share/ament_index/resource_index/packages
copying package.xml -> /home/ubuntu/Internship/ros2_ws/install/lidar_seg/share/lidar_seg
running install_egg_info
Copying ../../build/lidar_seg/lidar_seg.egg-info to /home/ubuntu/Internship/ros2_ws/install/lidar_seg/lib/python3.10/site-packages/lidar_seg-0.0.0-py3.10.egg-info
running install_scripts
Installing preproc script to /home/ubuntu/Internship/ros2_ws/install/lidar_seg/lib/lidar_seg
writing list of installed files to '/home/ubuntu/Internship/ros2_ws/build/lidar_seg/install.log'
