[1.190s] Invoking command in '/home/ubuntu/Internship/ros2_ws/src/lidar_seg': PYTHONPATH=/home/ubuntu/Internship/ros2_ws/build/lidar_seg/prefix_override:/usr/lib/python3/dist-packages/colcon_core/task/python/colcon_distutils_commands:/home/ubuntu/Internship/ros2_ws/install/lidar_seg/lib/python3.10/site-packages:${PYTHONPATH} /usr/bin/python3 -W ignore:setup.py install is deprecated setup.py egg_info --egg-base ../../build/lidar_seg build --build-base /home/ubuntu/Internship/ros2_ws/build/lidar_seg/build install --record /home/ubuntu/Internship/ros2_ws/build/lidar_seg/install.log --single-version-externally-managed install_data
[1.493s] running egg_info
[1.494s] creating ../../build/lidar_seg/lidar_seg.egg-info
[1.494s] writing ../../build/lidar_seg/lidar_seg.egg-info/PKG-INFO
[1.495s] writing dependency_links to ../../build/lidar_seg/lidar_seg.egg-info/dependency_links.txt
[1.495s] writing entry points to ../../build/lidar_seg/lidar_seg.egg-info/entry_points.txt
[1.495s] writing requirements to ../../build/lidar_seg/lidar_seg.egg-info/requires.txt
[1.496s] writing top-level names to ../../build/lidar_seg/lidar_seg.egg-info/top_level.txt
[1.496s] writing manifest file '../../build/lidar_seg/lidar_seg.egg-info/SOURCES.txt'
[1.498s] reading manifest file '../../build/lidar_seg/lidar_seg.egg-info/SOURCES.txt'
[1.499s] adding license file 'LICENSE'
[1.499s] writing manifest file '../../build/lidar_seg/lidar_seg.egg-info/SOURCES.txt'
[1.500s] running build
[1.500s] running build_py
[1.500s] creating /home/ubuntu/Internship/ros2_ws/build/lidar_seg/build
[1.500s] creating /home/ubuntu/Internship/ros2_ws/build/lidar_seg/build/lib
[1.501s] creating /home/ubuntu/Internship/ros2_ws/build/lidar_seg/build/lib/lidar_seg
[1.501s] copying lidar_seg/preproc.py -> /home/ubuntu/Internship/ros2_ws/build/lidar_seg/build/lib/lidar_seg
[1.563s] copying lidar_seg/__init__.py -> /home/ubuntu/Internship/ros2_ws/build/lidar_seg/build/lib/lidar_seg
[1.563s] running install
[1.564s] running install_lib
[1.565s] creating /home/ubuntu/Internship/ros2_ws/install/lidar_seg/lib/python3.10/site-packages/lidar_seg
[1.565s] copying /home/ubuntu/Internship/ros2_ws/build/lidar_seg/build/lib/lidar_seg/preproc.py -> /home/ubuntu/Internship/ros2_ws/install/lidar_seg/lib/python3.10/site-packages/lidar_seg
[1.565s] copying /home/ubuntu/Internship/ros2_ws/build/lidar_seg/build/lib/lidar_seg/__init__.py -> /home/ubuntu/Internship/ros2_ws/install/lidar_seg/lib/python3.10/site-packages/lidar_seg
[1.566s] byte-compiling /home/ubuntu/Internship/ros2_ws/install/lidar_seg/lib/python3.10/site-packages/lidar_seg/preproc.py to preproc.cpython-310.pyc
[1.567s] byte-compiling /home/ubuntu/Internship/ros2_ws/install/lidar_seg/lib/python3.10/site-packages/lidar_seg/__init__.py to __init__.cpython-310.pyc
[1.567s] running install_data
[1.567s] creating /home/ubuntu/Internship/ros2_ws/install/lidar_seg/share/ament_index
[1.567s] creating /home/ubuntu/Internship/ros2_ws/install/lidar_seg/share/ament_index/resource_index
[1.567s] creating /home/ubuntu/Internship/ros2_ws/install/lidar_seg/share/ament_index/resource_index/packages
[1.568s] copying resource/lidar_seg -> /home/ubuntu/Internship/ros2_ws/install/lidar_seg/share/ament_index/resource_index/packages
[1.568s] copying package.xml -> /home/ubuntu/Internship/ros2_ws/install/lidar_seg/share/lidar_seg
[1.568s] running install_egg_info
[1.571s] Copying ../../build/lidar_seg/lidar_seg.egg-info to /home/ubuntu/Internship/ros2_ws/install/lidar_seg/lib/python3.10/site-packages/lidar_seg-0.0.0-py3.10.egg-info
[1.572s] running install_scripts
[1.596s] Installing preproc script to /home/ubuntu/Internship/ros2_ws/install/lidar_seg/lib/lidar_seg
[1.596s] writing list of installed files to '/home/ubuntu/Internship/ros2_ws/build/lidar_seg/install.log'
[1.627s] Invoked command in '/home/ubuntu/Internship/ros2_ws/src/lidar_seg' returned '0': PYTHONPATH=/home/ubuntu/Internship/ros2_ws/build/lidar_seg/prefix_override:/usr/lib/python3/dist-packages/colcon_core/task/python/colcon_distutils_commands:/home/ubuntu/Internship/ros2_ws/install/lidar_seg/lib/python3.10/site-packages:${PYTHONPATH} /usr/bin/python3 -W ignore:setup.py install is deprecated setup.py egg_info --egg-base ../../build/lidar_seg build --build-base /home/ubuntu/Internship/ros2_ws/build/lidar_seg/build install --record /home/ubuntu/Internship/ros2_ws/build/lidar_seg/install.log --single-version-externally-managed install_data
