[0.587s] Invoking command in '/home/ubuntu/Internship/LiDAR_Semantic_Segmentation/ros2_ws/src/lidar_seg': CONDA_PROMPT_MODIFIER=(pointnet2_new) PYTHONPATH=/home/ubuntu/Internship/LiDAR_Semantic_Segmentation/ros2_ws/build/lidar_seg/prefix_override:/usr/lib/python3/dist-packages/colcon_core/task/python/colcon_distutils_commands:/home/ubuntu/Internship/LiDAR_Semantic_Segmentation/ros2_ws/install/lidar_seg/lib/python3.10/site-packages:${PYTHONPATH} /usr/bin/python3 -W ignore:setup.py install is deprecated setup.py egg_info --egg-base ../../build/lidar_seg build --build-base /home/ubuntu/Internship/LiDAR_Semantic_Segmentation/ros2_ws/build/lidar_seg/build install --record /home/ubuntu/Internship/LiDAR_Semantic_Segmentation/ros2_ws/build/lidar_seg/install.log --single-version-externally-managed install_data
[0.774s] running egg_info
[0.774s] writing ../../build/lidar_seg/lidar_seg.egg-info/PKG-INFO
[0.775s] writing dependency_links to ../../build/lidar_seg/lidar_seg.egg-info/dependency_links.txt
[0.775s] writing entry points to ../../build/lidar_seg/lidar_seg.egg-info/entry_points.txt
[0.775s] writing requirements to ../../build/lidar_seg/lidar_seg.egg-info/requires.txt
[0.775s] writing top-level names to ../../build/lidar_seg/lidar_seg.egg-info/top_level.txt
[0.776s] reading manifest file '../../build/lidar_seg/lidar_seg.egg-info/SOURCES.txt'
[0.777s] adding license file 'LICENSE'
[0.778s] writing manifest file '../../build/lidar_seg/lidar_seg.egg-info/SOURCES.txt'
[0.778s] running build
[0.778s] running build_py
[0.778s] copying lidar_seg/model.py -> /home/ubuntu/Internship/LiDAR_Semantic_Segmentation/ros2_ws/build/lidar_seg/build/lib/lidar_seg
[0.778s] running install
[0.779s] running install_lib
[0.779s] copying /home/ubuntu/Internship/LiDAR_Semantic_Segmentation/ros2_ws/build/lidar_seg/build/lib/lidar_seg/model.py -> /home/ubuntu/Internship/LiDAR_Semantic_Segmentation/ros2_ws/install/lidar_seg/lib/python3.10/site-packages/lidar_seg
[0.780s] byte-compiling /home/ubuntu/Internship/LiDAR_Semantic_Segmentation/ros2_ws/install/lidar_seg/lib/python3.10/site-packages/lidar_seg/model.py to model.cpython-310.pyc
[0.781s] running install_data
[0.781s] running install_egg_info
[0.782s] removing '/home/ubuntu/Internship/LiDAR_Semantic_Segmentation/ros2_ws/install/lidar_seg/lib/python3.10/site-packages/lidar_seg-0.0.0-py3.10.egg-info' (and everything under it)
[0.782s] Copying ../../build/lidar_seg/lidar_seg.egg-info to /home/ubuntu/Internship/LiDAR_Semantic_Segmentation/ros2_ws/install/lidar_seg/lib/python3.10/site-packages/lidar_seg-0.0.0-py3.10.egg-info
[0.784s] running install_scripts
[0.799s] Installing listener_test script to /home/ubuntu/Internship/LiDAR_Semantic_Segmentation/ros2_ws/install/lidar_seg/lib/lidar_seg
[0.799s] Installing model script to /home/ubuntu/Internship/LiDAR_Semantic_Segmentation/ros2_ws/install/lidar_seg/lib/lidar_seg
[0.799s] Installing preproc script to /home/ubuntu/Internship/LiDAR_Semantic_Segmentation/ros2_ws/install/lidar_seg/lib/lidar_seg
[0.799s] writing list of installed files to '/home/ubuntu/Internship/LiDAR_Semantic_Segmentation/ros2_ws/build/lidar_seg/install.log'
[0.820s] Invoked command in '/home/ubuntu/Internship/LiDAR_Semantic_Segmentation/ros2_ws/src/lidar_seg' returned '0': CONDA_PROMPT_MODIFIER=(pointnet2_new) PYTHONPATH=/home/ubuntu/Internship/LiDAR_Semantic_Segmentation/ros2_ws/build/lidar_seg/prefix_override:/usr/lib/python3/dist-packages/colcon_core/task/python/colcon_distutils_commands:/home/ubuntu/Internship/LiDAR_Semantic_Segmentation/ros2_ws/install/lidar_seg/lib/python3.10/site-packages:${PYTHONPATH} /usr/bin/python3 -W ignore:setup.py install is deprecated setup.py egg_info --egg-base ../../build/lidar_seg build --build-base /home/ubuntu/Internship/LiDAR_Semantic_Segmentation/ros2_ws/build/lidar_seg/build install --record /home/ubuntu/Internship/LiDAR_Semantic_Segmentation/ros2_ws/build/lidar_seg/install.log --single-version-externally-managed install_data
