[0.886s] Invoking command in '/home/ubuntu/Internship/LiDAR_Semantic_Segmentation/ros2_ws/src/lidar_seg': CONDA_PROMPT_MODIFIER=(base) PYTHONPATH=/home/ubuntu/Internship/LiDAR_Semantic_Segmentation/ros2_ws/build/lidar_seg/prefix_override:/usr/lib/python3/dist-packages/colcon_core/task/python/colcon_distutils_commands:/home/ubuntu/Internship/LiDAR_Semantic_Segmentation/ros2_ws/install/lidar_seg/lib/python3.10/site-packages:${PYTHONPATH} /usr/bin/python3 -W ignore:setup.py install is deprecated setup.py egg_info --egg-base ../../build/lidar_seg build --build-base /home/ubuntu/Internship/LiDAR_Semantic_Segmentation/ros2_ws/build/lidar_seg/build install --record /home/ubuntu/Internship/LiDAR_Semantic_Segmentation/ros2_ws/build/lidar_seg/install.log --single-version-externally-managed install_data
[1.116s] running egg_info
[1.116s] writing ../../build/lidar_seg/lidar_seg.egg-info/PKG-INFO
[1.181s] writing dependency_links to ../../build/lidar_seg/lidar_seg.egg-info/dependency_links.txt
[1.181s] writing entry points to ../../build/lidar_seg/lidar_seg.egg-info/entry_points.txt
[1.181s] writing requirements to ../../build/lidar_seg/lidar_seg.egg-info/requires.txt
[1.181s] writing top-level names to ../../build/lidar_seg/lidar_seg.egg-info/top_level.txt
[1.184s] reading manifest file '../../build/lidar_seg/lidar_seg.egg-info/SOURCES.txt'
[1.185s] adding license file 'LICENSE'
[1.186s] writing manifest file '../../build/lidar_seg/lidar_seg.egg-info/SOURCES.txt'
[1.186s] running build
[1.186s] running build_py
[1.190s] copying lidar_seg/listener_test.py -> /home/ubuntu/Internship/LiDAR_Semantic_Segmentation/ros2_ws/build/lidar_seg/build/lib/lidar_seg
[1.191s] running install
[1.191s] running install_lib
[1.192s] copying /home/ubuntu/Internship/LiDAR_Semantic_Segmentation/ros2_ws/build/lidar_seg/build/lib/lidar_seg/listener_test.py -> /home/ubuntu/Internship/LiDAR_Semantic_Segmentation/ros2_ws/install/lidar_seg/lib/python3.10/site-packages/lidar_seg
[1.194s] byte-compiling /home/ubuntu/Internship/LiDAR_Semantic_Segmentation/ros2_ws/install/lidar_seg/lib/python3.10/site-packages/lidar_seg/listener_test.py to listener_test.cpython-310.pyc
[1.195s] running install_data
[1.197s] running install_egg_info
[1.199s] removing '/home/ubuntu/Internship/LiDAR_Semantic_Segmentation/ros2_ws/install/lidar_seg/lib/python3.10/site-packages/lidar_seg-0.0.0-py3.10.egg-info' (and everything under it)
[1.200s] Copying ../../build/lidar_seg/lidar_seg.egg-info to /home/ubuntu/Internship/LiDAR_Semantic_Segmentation/ros2_ws/install/lidar_seg/lib/python3.10/site-packages/lidar_seg-0.0.0-py3.10.egg-info
[1.203s] running install_scripts
[1.221s] Installing listener_test script to /home/ubuntu/Internship/LiDAR_Semantic_Segmentation/ros2_ws/install/lidar_seg/lib/lidar_seg
[1.222s] Installing preproc script to /home/ubuntu/Internship/LiDAR_Semantic_Segmentation/ros2_ws/install/lidar_seg/lib/lidar_seg
[1.222s] writing list of installed files to '/home/ubuntu/Internship/LiDAR_Semantic_Segmentation/ros2_ws/build/lidar_seg/install.log'
[1.245s] Invoked command in '/home/ubuntu/Internship/LiDAR_Semantic_Segmentation/ros2_ws/src/lidar_seg' returned '0': CONDA_PROMPT_MODIFIER=(base) PYTHONPATH=/home/ubuntu/Internship/LiDAR_Semantic_Segmentation/ros2_ws/build/lidar_seg/prefix_override:/usr/lib/python3/dist-packages/colcon_core/task/python/colcon_distutils_commands:/home/ubuntu/Internship/LiDAR_Semantic_Segmentation/ros2_ws/install/lidar_seg/lib/python3.10/site-packages:${PYTHONPATH} /usr/bin/python3 -W ignore:setup.py install is deprecated setup.py egg_info --egg-base ../../build/lidar_seg build --build-base /home/ubuntu/Internship/LiDAR_Semantic_Segmentation/ros2_ws/build/lidar_seg/build install --record /home/ubuntu/Internship/LiDAR_Semantic_Segmentation/ros2_ws/build/lidar_seg/install.log --single-version-externally-managed install_data
