[0.551s] Invoking command in '/home/ubuntu/Internship/ros2_ws/src/lidar_seg': PYTHONPATH=/home/ubuntu/Internship/ros2_ws/build/lidar_seg/prefix_override:/usr/lib/python3/dist-packages/colcon_core/task/python/colcon_distutils_commands:/home/ubuntu/Internship/ros2_ws/install/lidar_seg/lib/python3.10/site-packages:${PYTHONPATH} /usr/bin/python3 -W ignore:setup.py install is deprecated setup.py egg_info --egg-base ../../build/lidar_seg build --build-base /home/ubuntu/Internship/ros2_ws/build/lidar_seg/build install --record /home/ubuntu/Internship/ros2_ws/build/lidar_seg/install.log --single-version-externally-managed install_data
[0.732s] running egg_info
[0.733s] writing ../../build/lidar_seg/lidar_seg.egg-info/PKG-INFO
[0.733s] writing dependency_links to ../../build/lidar_seg/lidar_seg.egg-info/dependency_links.txt
[0.734s] writing entry points to ../../build/lidar_seg/lidar_seg.egg-info/entry_points.txt
[0.734s] writing requirements to ../../build/lidar_seg/lidar_seg.egg-info/requires.txt
[0.734s] writing top-level names to ../../build/lidar_seg/lidar_seg.egg-info/top_level.txt
[0.736s] reading manifest file '../../build/lidar_seg/lidar_seg.egg-info/SOURCES.txt'
[0.737s] adding license file 'LICENSE'
[0.737s] writing manifest file '../../build/lidar_seg/lidar_seg.egg-info/SOURCES.txt'
[0.737s] running build
[0.737s] running build_py
[0.737s] copying lidar_seg/listener_test.py -> /home/ubuntu/Internship/ros2_ws/build/lidar_seg/build/lib/lidar_seg
[0.739s] running install
[0.739s] running install_lib
[0.740s] copying /home/ubuntu/Internship/ros2_ws/build/lidar_seg/build/lib/lidar_seg/listener_test.py -> /home/ubuntu/Internship/ros2_ws/install/lidar_seg/lib/python3.10/site-packages/lidar_seg
[0.740s] byte-compiling /home/ubuntu/Internship/ros2_ws/install/lidar_seg/lib/python3.10/site-packages/lidar_seg/listener_test.py to listener_test.cpython-310.pyc
[0.742s] running install_data
[0.742s] running install_egg_info
[0.743s] removing '/home/ubuntu/Internship/ros2_ws/install/lidar_seg/lib/python3.10/site-packages/lidar_seg-0.0.0-py3.10.egg-info' (and everything under it)
[0.744s] Copying ../../build/lidar_seg/lidar_seg.egg-info to /home/ubuntu/Internship/ros2_ws/install/lidar_seg/lib/python3.10/site-packages/lidar_seg-0.0.0-py3.10.egg-info
[0.745s] running install_scripts
[0.761s] Installing listener_test script to /home/ubuntu/Internship/ros2_ws/install/lidar_seg/lib/lidar_seg
[0.762s] Installing preproc script to /home/ubuntu/Internship/ros2_ws/install/lidar_seg/lib/lidar_seg
[0.762s] writing list of installed files to '/home/ubuntu/Internship/ros2_ws/build/lidar_seg/install.log'
[0.781s] Invoked command in '/home/ubuntu/Internship/ros2_ws/src/lidar_seg' returned '0': PYTHONPATH=/home/ubuntu/Internship/ros2_ws/build/lidar_seg/prefix_override:/usr/lib/python3/dist-packages/colcon_core/task/python/colcon_distutils_commands:/home/ubuntu/Internship/ros2_ws/install/lidar_seg/lib/python3.10/site-packages:${PYTHONPATH} /usr/bin/python3 -W ignore:setup.py install is deprecated setup.py egg_info --egg-base ../../build/lidar_seg build --build-base /home/ubuntu/Internship/ros2_ws/build/lidar_seg/build install --record /home/ubuntu/Internship/ros2_ws/build/lidar_seg/install.log --single-version-externally-managed install_data
