[0.814s] Invoking command in '/home/ubuntu/Internship/ros2_ws/src/lidar_seg': PYTHONPATH=/home/ubuntu/Internship/ros2_ws/build/lidar_seg/prefix_override:/usr/lib/python3/dist-packages/colcon_core/task/python/colcon_distutils_commands:/home/ubuntu/Internship/ros2_ws/install/lidar_seg/lib/python3.10/site-packages:${PYTHONPATH} /usr/bin/python3 -W ignore:setup.py install is deprecated setup.py egg_info --egg-base ../../build/lidar_seg build --build-base /home/ubuntu/Internship/ros2_ws/build/lidar_seg/build install --record /home/ubuntu/Internship/ros2_ws/build/lidar_seg/install.log --single-version-externally-managed install_data
[1.098s] running egg_info
[1.098s] writing ../../build/lidar_seg/lidar_seg.egg-info/PKG-INFO
[1.099s] writing dependency_links to ../../build/lidar_seg/lidar_seg.egg-info/dependency_links.txt
[1.100s] writing entry points to ../../build/lidar_seg/lidar_seg.egg-info/entry_points.txt
[1.100s] writing requirements to ../../build/lidar_seg/lidar_seg.egg-info/requires.txt
[1.100s] writing top-level names to ../../build/lidar_seg/lidar_seg.egg-info/top_level.txt
[1.103s] reading manifest file '../../build/lidar_seg/lidar_seg.egg-info/SOURCES.txt'
[1.103s] adding license file 'LICENSE'
[1.104s] writing manifest file '../../build/lidar_seg/lidar_seg.egg-info/SOURCES.txt'
[1.105s] running build
[1.105s] running build_py
[1.105s] copying lidar_seg/preproc.py -> /home/ubuntu/Internship/ros2_ws/build/lidar_seg/build/lib/lidar_seg
[1.106s] running install
[1.106s] running install_lib
[1.107s] copying /home/ubuntu/Internship/ros2_ws/build/lidar_seg/build/lib/lidar_seg/preproc.py -> /home/ubuntu/Internship/ros2_ws/install/lidar_seg/lib/python3.10/site-packages/lidar_seg
[1.109s] byte-compiling /home/ubuntu/Internship/ros2_ws/install/lidar_seg/lib/python3.10/site-packages/lidar_seg/preproc.py to preproc.cpython-310.pyc
[1.110s] running install_data
[1.110s] running install_egg_info
[1.113s] removing '/home/ubuntu/Internship/ros2_ws/install/lidar_seg/lib/python3.10/site-packages/lidar_seg-0.0.0-py3.10.egg-info' (and everything under it)
[1.113s] Copying ../../build/lidar_seg/lidar_seg.egg-info to /home/ubuntu/Internship/ros2_ws/install/lidar_seg/lib/python3.10/site-packages/lidar_seg-0.0.0-py3.10.egg-info
[1.115s] running install_scripts
[1.142s] Installing preproc = lidar_seg.preproc:mainlistener_test script to /home/ubuntu/Internship/ros2_ws/install/lidar_seg/lib/lidar_seg
[1.143s] writing list of installed files to '/home/ubuntu/Internship/ros2_ws/build/lidar_seg/install.log'
[1.170s] Invoked command in '/home/ubuntu/Internship/ros2_ws/src/lidar_seg' returned '0': PYTHONPATH=/home/ubuntu/Internship/ros2_ws/build/lidar_seg/prefix_override:/usr/lib/python3/dist-packages/colcon_core/task/python/colcon_distutils_commands:/home/ubuntu/Internship/ros2_ws/install/lidar_seg/lib/python3.10/site-packages:${PYTHONPATH} /usr/bin/python3 -W ignore:setup.py install is deprecated setup.py egg_info --egg-base ../../build/lidar_seg build --build-base /home/ubuntu/Internship/ros2_ws/build/lidar_seg/build install --record /home/ubuntu/Internship/ros2_ws/build/lidar_seg/install.log --single-version-externally-managed install_data
